rfid-app/app/build/intermediates/manifest_merge_blame_file/debug/processDebugMainManifest/manifest-merger-blame-debug-report.txt
1<?xml version="1.0" encoding="utf-8"?>
2<manifest xmlns:android="http://schemas.android.com/apk/res/android"
3    package="com.smartx.rfidreader"
4    android:versionCode="19"
5    android:versionName="5.0.2" > <!-- Allow TSL SDK (minSdk 26) to be merged without raising project minSdk -->
6    <uses-sdk
6-->src/main/AndroidManifest.xml:6:5-71
7        android:minSdkVersion="24"
8        android:targetSdkVersion="34" />
9
10    <!-- Permissões Bluetooth (cobre API 21–30 e 31+) -->
11    <uses-permission
11-->src/main/AndroidManifest.xml:9:5-68
12        android:name="android.permission.BLUETOOTH"
12-->src/main/AndroidManifest.xml:9:22-65
13        android:maxSdkVersion="30" />
13-->[:Rfid.AsciiProtocol-3.5.0-release:] AndroidManifest.xml:9:9-35
14    <uses-permission
14-->src/main/AndroidManifest.xml:10:5-74
15        android:name="android.permission.BLUETOOTH_ADMIN"
15-->src/main/AndroidManifest.xml:10:22-71
16        android:maxSdkVersion="30" />
16-->[:Rfid.AsciiProtocol-3.5.0-release:] AndroidManifest.xml:12:9-35
17    <uses-permission
17-->src/main/AndroidManifest.xml:11:5-13:38
18        android:name="android.permission.BLUETOOTH_CONNECT"
18-->src/main/AndroidManifest.xml:12:9-60
19        android:minSdkVersion="31" />
19-->src/main/AndroidManifest.xml:13:9-35
20    <uses-permission
20-->src/main/AndroidManifest.xml:14:5-17:58
21        android:name="android.permission.BLUETOOTH_SCAN"
21-->src/main/AndroidManifest.xml:15:9-57
22        android:minSdkVersion="31"
22-->src/main/AndroidManifest.xml:16:9-35
23        android:usesPermissionFlags="neverForLocation" />
23-->src/main/AndroidManifest.xml:17:9-55
24
25    <!-- Permissões de localização (necessárias para Bluetooth scan em API 23–30) -->
26    <uses-permission android:name="android.permission.ACCESS_FINE_LOCATION" />
26-->src/main/AndroidManifest.xml:20:5-79
26-->src/main/AndroidManifest.xml:20:22-76
27    <uses-permission android:name="android.permission.ACCESS_COARSE_LOCATION" />
27-->src/main/AndroidManifest.xml:21:5-81
27-->src/main/AndroidManifest.xml:21:22-78
28
29    <!-- Permissões de serviço e hardware -->
30    <uses-permission android:name="android.permission.INTERNET" />
30-->src/main/AndroidManifest.xml:24:5-67
30-->src/main/AndroidManifest.xml:24:22-64
31    <uses-permission android:name="android.permission.FOREGROUND_SERVICE" />
31-->src/main/AndroidManifest.xml:25:5-77
31-->src/main/AndroidManifest.xml:25:22-74
32    <uses-permission android:name="android.permission.VIBRATE" />
32-->src/main/AndroidManifest.xml:26:5-66
32-->src/main/AndroidManifest.xml:26:22-63
33
34    <permission
34-->[androidx.core:core:1.13.1] AndroidManifest.xml:22:5-24:47
35        android:name="com.smartx.rfidreader.DYNAMIC_RECEIVER_NOT_EXPORTED_PERMISSION"
35-->[androidx.core:core:1.13.1] AndroidManifest.xml:23:9-81
36        android:protectionLevel="signature" />
36-->[androidx.core:core:1.13.1] AndroidManifest.xml:24:9-44
37
38    <uses-permission android:name="com.smartx.rfidreader.DYNAMIC_RECEIVER_NOT_EXPORTED_PERMISSION" />
38-->[androidx.core:core:1.13.1] AndroidManifest.xml:26:5-97
38-->[androidx.core:core:1.13.1] AndroidManifest.xml:26:22-94
39    <uses-permission android:name="android.permission.ACCESS_NETWORK_STATE" />
39-->[:DeviceAPI_ver20251103_release:] AndroidManifest.xml:11:5-79
39-->[:DeviceAPI_ver20251103_release:] AndroidManifest.xml:11:22-76
40    <uses-permission android:name="android.permission.CHANGE_WIFI_STATE" />
40-->[:DeviceAPI_ver20251103_release:] AndroidManifest.xml:14:5-76
40-->[:DeviceAPI_ver20251103_release:] AndroidManifest.xml:14:22-73
41    <uses-permission android:name="android.permission.ACCESS_WIFI_STATE" />
41-->[:DeviceAPI_ver20251103_release:] AndroidManifest.xml:15:5-76
41-->[:DeviceAPI_ver20251103_release:] AndroidManifest.xml:15:22-73
42
43    <application
43-->src/main/AndroidManifest.xml:28:5-73:19
44        android:name="com.smartx.rfidreader.RfidApplication"
44-->src/main/AndroidManifest.xml:29:9-40
45        android:allowBackup="true"
45-->src/main/AndroidManifest.xml:30:9-35
46        android:appComponentFactory="androidx.core.app.CoreComponentFactory"
46-->[androidx.core:core:1.13.1] AndroidManifest.xml:28:18-86
47        android:debuggable="true"
48        android:extractNativeLibs="false"
49        android:icon="@mipmap/ic_launcher"
49-->src/main/AndroidManifest.xml:31:9-43
50        android:label="@string/app_name"
50-->src/main/AndroidManifest.xml:32:9-41
51        android:roundIcon="@mipmap/ic_launcher_round"
51-->src/main/AndroidManifest.xml:33:9-54
52        android:supportsRtl="true"
52-->src/main/AndroidManifest.xml:34:9-35
53        android:theme="@style/Theme.RfidReader"
53-->src/main/AndroidManifest.xml:36:9-48
54        android:usesCleartextTraffic="true" >
54-->src/main/AndroidManifest.xml:35:9-44
55
56        <!-- Tela principal: seleção de leitor + config + leitura (3 abas) -->
57        <activity
57-->src/main/AndroidManifest.xml:39:9-48:20
58            android:name="com.smartx.rfidreader.ui.main.MainActivity"
58-->src/main/AndroidManifest.xml:40:13-49
59            android:exported="true"
59-->src/main/AndroidManifest.xml:41:13-36
60            android:screenOrientation="portrait"
60-->src/main/AndroidManifest.xml:42:13-49
61            android:windowSoftInputMode="adjustResize" >
61-->src/main/AndroidManifest.xml:43:13-55
62            <intent-filter>
62-->src/main/AndroidManifest.xml:44:13-47:29
63                <action android:name="android.intent.action.MAIN" />
63-->src/main/AndroidManifest.xml:45:17-69
63-->src/main/AndroidManifest.xml:45:25-66
64
65                <category android:name="android.intent.category.LAUNCHER" />
65-->src/main/AndroidManifest.xml:46:17-77
65-->src/main/AndroidManifest.xml:46:27-74
66            </intent-filter>
67        </activity>
68
69        <!-- Tela legada de seleção de leitor (não usada como launcher) -->
70        <activity
70-->src/main/AndroidManifest.xml:51:9-55:58
71            android:name="com.smartx.rfidreader.ui.selection.ReaderSelectionActivity"
71-->src/main/AndroidManifest.xml:52:13-65
72            android:exported="false"
72-->src/main/AndroidManifest.xml:53:13-37
73            android:screenOrientation="portrait"
73-->src/main/AndroidManifest.xml:54:13-49
74            android:windowSoftInputMode="adjustResize" />
74-->src/main/AndroidManifest.xml:55:13-55
75
76        <!-- Tela de sincronização -->
77        <activity
77-->src/main/AndroidManifest.xml:58:9-63:66
78            android:name="com.smartx.rfidreader.ui.sync.SyncActivity"
78-->src/main/AndroidManifest.xml:59:13-49
79            android:exported="false"
79-->src/main/AndroidManifest.xml:60:13-37
80            android:parentActivityName="com.smartx.rfidreader.ui.main.MainActivity"
80-->src/main/AndroidManifest.xml:63:13-63
81            android:screenOrientation="portrait"
81-->src/main/AndroidManifest.xml:61:13-49
82            android:windowSoftInputMode="adjustResize" />
82-->src/main/AndroidManifest.xml:62:13-55
83
84        <!-- Tela de integração Xtrack -->
85        <activity
85-->src/main/AndroidManifest.xml:66:9-71:66
86            android:name="com.smartx.rfidreader.ui.xtrack.XtrackActivity"
86-->src/main/AndroidManifest.xml:67:13-53
87            android:exported="false"
87-->src/main/AndroidManifest.xml:68:13-37
88            android:parentActivityName="com.smartx.rfidreader.ui.main.MainActivity"
88-->src/main/AndroidManifest.xml:71:13-63
89            android:screenOrientation="portrait"
89-->src/main/AndroidManifest.xml:69:13-49
90            android:windowSoftInputMode="adjustResize" />
90-->src/main/AndroidManifest.xml:70:13-55
91        <activity
91-->[com.google.android.gms:play-services-base:18.5.0] AndroidManifest.xml:5:9-173
92            android:name="com.google.android.gms.common.api.GoogleApiActivity"
92-->[com.google.android.gms:play-services-base:18.5.0] AndroidManifest.xml:5:19-85
93            android:exported="false"
93-->[com.google.android.gms:play-services-base:18.5.0] AndroidManifest.xml:5:146-170
94            android:theme="@android:style/Theme.Translucent.NoTitleBar" />
94-->[com.google.android.gms:play-services-base:18.5.0] AndroidManifest.xml:5:86-145
95
96        <meta-data
96-->[com.google.android.gms:play-services-basement:18.4.0] AndroidManifest.xml:6:9-122
97            android:name="com.google.android.gms.version"
97-->[com.google.android.gms:play-services-basement:18.4.0] AndroidManifest.xml:6:20-65
98            android:value="@integer/google_play_services_version" />
98-->[com.google.android.gms:play-services-basement:18.4.0] AndroidManifest.xml:6:66-119
99
100        <provider
100-->[androidx.emoji2:emoji2:1.3.0] AndroidManifest.xml:24:9-32:20
101            android:name="androidx.startup.InitializationProvider"
101-->[androidx.emoji2:emoji2:1.3.0] AndroidManifest.xml:25:13-67
102            android:authorities="com.smartx.rfidreader.androidx-startup"
102-->[androidx.emoji2:emoji2:1.3.0] AndroidManifest.xml:26:13-68
103            android:exported="false" >
103-->[androidx.emoji2:emoji2:1.3.0] AndroidManifest.xml:27:13-37
104            <meta-data
104-->[androidx.emoji2:emoji2:1.3.0] AndroidManifest.xml:29:13-31:52
105                android:name="androidx.emoji2.text.EmojiCompatInitializer"
105-->[androidx.emoji2:emoji2:1.3.0] AndroidManifest.xml:30:17-75
106                android:value="androidx.startup" />
106-->[androidx.emoji2:emoji2:1.3.0] AndroidManifest.xml:31:17-49
107            <meta-data
107-->[androidx.lifecycle:lifecycle-process:2.8.5] AndroidManifest.xml:29:13-31:52
108                android:name="androidx.lifecycle.ProcessLifecycleInitializer"
108-->[androidx.lifecycle:lifecycle-process:2.8.5] AndroidManifest.xml:30:17-78
109                android:value="androidx.startup" />
109-->[androidx.lifecycle:lifecycle-process:2.8.5] AndroidManifest.xml:31:17-49
110            <meta-data
110-->[androidx.profileinstaller:profileinstaller:1.3.1] AndroidManifest.xml:29:13-31:52
111                android:name="androidx.profileinstaller.ProfileInstallerInitializer"
111-->[androidx.profileinstaller:profileinstaller:1.3.1] AndroidManifest.xml:30:17-85
112                android:value="androidx.startup" />
112-->[androidx.profileinstaller:profileinstaller:1.3.1] AndroidManifest.xml:31:17-49
113        </provider>
114
115        <service
115-->[androidx.room:room-runtime:2.6.1] AndroidManifest.xml:24:9-28:63
116            android:name="androidx.room.MultiInstanceInvalidationService"
116-->[androidx.room:room-runtime:2.6.1] AndroidManifest.xml:25:13-74
117            android:directBootAware="true"
117-->[androidx.room:room-runtime:2.6.1] AndroidManifest.xml:26:13-43
118            android:exported="false" />
118-->[androidx.room:room-runtime:2.6.1] AndroidManifest.xml:27:13-37
119
120        <receiver
120-->[androidx.profileinstaller:profileinstaller:1.3.1] AndroidManifest.xml:34:9-52:20
121            android:name="androidx.profileinstaller.ProfileInstallReceiver"
121-->[androidx.profileinstaller:profileinstaller:1.3.1] AndroidManifest.xml:35:13-76
122            android:directBootAware="false"
122-->[androidx.profileinstaller:profileinstaller:1.3.1] AndroidManifest.xml:36:13-44
123            android:enabled="true"
123-->[androidx.profileinstaller:profileinstaller:1.3.1] AndroidManifest.xml:37:13-35
124            android:exported="true"
124-->[androidx.profileinstaller:profileinstaller:1.3.1] AndroidManifest.xml:38:13-36
125            android:permission="android.permission.DUMP" >
125-->[androidx.profileinstaller:profileinstaller:1.3.1] AndroidManifest.xml:39:13-57
126            <intent-filter>
126-->[androidx.profileinstaller:profileinstaller:1.3.1] AndroidManifest.xml:40:13-42:29
127                <action android:name="androidx.profileinstaller.action.INSTALL_PROFILE" />
127-->[androidx.profileinstaller:profileinstaller:1.3.1] AndroidManifest.xml:41:17-91
127-->[androidx.profileinstaller:profileinstaller:1.3.1] AndroidManifest.xml:41:25-88
128            </intent-filter>
129            <intent-filter>
129-->[androidx.profileinstaller:profileinstaller:1.3.1] AndroidManifest.xml:43:13-45:29
130                <action android:name="androidx.profileinstaller.action.SKIP_FILE" />
130-->[androidx.profileinstaller:profileinstaller:1.3.1] AndroidManifest.xml:44:17-85
130-->[androidx.profileinstaller:profileinstaller:1.3.1] AndroidManifest.xml:44:25-82
131            </intent-filter>
132            <intent-filter>
132-->[androidx.profileinstaller:profileinstaller:1.3.1] AndroidManifest.xml:46:13-48:29
133                <action android:name="androidx.profileinstaller.action.SAVE_PROFILE" />
133-->[androidx.profileinstaller:profileinstaller:1.3.1] AndroidManifest.xml:47:17-88
133-->[androidx.profileinstaller:profileinstaller:1.3.1] AndroidManifest.xml:47:25-85
134            </intent-filter>
135            <intent-filter>
135-->[androidx.profileinstaller:profileinstaller:1.3.1] AndroidManifest.xml:49:13-51:29
136                <action android:name="androidx.profileinstaller.action.BENCHMARK_OPERATION" />
136-->[androidx.profileinstaller:profileinstaller:1.3.1] AndroidManifest.xml:50:17-95
136-->[androidx.profileinstaller:profileinstaller:1.3.1] AndroidManifest.xml:50:25-92
137            </intent-filter>
138        </receiver>
139
140        <service android:name="com.honeywell.rfidservice.RfidService" >
140-->[:honeywell_rfid_sdk:] AndroidManifest.xml:15:9-16:19
140-->[:honeywell_rfid_sdk:] AndroidManifest.xml:15:18-70
141        </service>
142    </application>
143
144</manifest>